f:\git\3d plot\soft\3dplot-gl\3dplot-gl\debug\vc142.pdb
f:\git\3d plot\soft\3dplot-gl\3dplot-gl\debug\vc142.idb
f:\git\3d plot\soft\3dplot-gl\3dplot-gl\debug\tools.obj
f:\git\3d plot\soft\3dplot-gl\3dplot-gl\debug\textlabel.obj
f:\git\3d plot\soft\3dplot-gl\3dplot-gl\debug\surfaceseries.obj
f:\git\3d plot\soft\3dplot-gl\3dplot-gl\debug\surface.obj
f:\git\3d plot\soft\3dplot-gl\3dplot-gl\debug\scene.obj
f:\git\3d plot\soft\3dplot-gl\3dplot-gl\debug\pointseries.obj
f:\git\3d plot\soft\3dplot-gl\3dplot-gl\debug\point.obj
f:\git\3d plot\soft\3dplot-gl\3dplot-gl\debug\main.obj
f:\git\3d plot\soft\3dplot-gl\3dplot-gl\debug\lineseries.obj
f:\git\3d plot\soft\3dplot-gl\3dplot-gl\debug\axes.obj
f:\git\3d plot\soft\3dplot-gl\debug\3dplot-gl.exe
f:\git\3d plot\soft\3dplot-gl\debug\3dplot-gl.ilk
f:\git\3d plot\soft\3dplot-gl\debug\3dplot-gl.pdb
f:\git\3d plot\soft\3dplot-gl\3dplot-gl\debug\3dplot-gl.tlog\cl.command.1.tlog
f:\git\3d plot\soft\3dplot-gl\3dplot-gl\debug\3dplot-gl.tlog\cl.read.1.tlog
f:\git\3d plot\soft\3dplot-gl\3dplot-gl\debug\3dplot-gl.tlog\cl.write.1.tlog
f:\git\3d plot\soft\3dplot-gl\3dplot-gl\debug\3dplot-gl.tlog\link.command.1.tlog
f:\git\3d plot\soft\3dplot-gl\3dplot-gl\debug\3dplot-gl.tlog\link.read.1.tlog
f:\git\3d plot\soft\3dplot-gl\3dplot-gl\debug\3dplot-gl.tlog\link.write.1.tlog
